This is pdfTeX, Version 3.14159265-2.6-1.40.20 (TeX Live 2019/Debian) (preloaded format=pdflatex 2019.10.27)  6 NOV 2019 01:55
entering extended mode
 restricted \write18 enabled.
 %&-line parsing enabled.
**CCTarea4.tex
(./CCTarea4.tex
LaTeX2e <2018-12-01>
(/usr/share/texlive/texmf-dist/tex/latex/base/article.cls
Document Class: article 2018/09/03 v1.4i Standard LaTeX document class
(/usr/share/texlive/texmf-dist/tex/latex/base/size12.clo
File: size12.clo 2018/09/03 v1.4i Standard LaTeX file (size option)
)
\c@part=\count80
\c@section=\count81
\c@subsection=\count82
\c@subsubsection=\count83
\c@paragraph=\count84
\c@subparagraph=\count85
\c@figure=\count86
\c@table=\count87
\abovecaptionskip=\skip41
\belowcaptionskip=\skip42
\bibindent=\dimen102
)
(/usr/share/texlive/texmf-dist/tex/latex/base/inputenc.sty
Package: inputenc 2018/08/11 v1.3c Input encoding file
\inpenc@prehook=\toks14
\inpenc@posthook=\toks15
)
(/usr/share/texlive/texmf-dist/tex/latex/amsmath/amsmath.sty
Package: amsmath 2018/12/01 v2.17b AMS math features
\@mathmargin=\skip43

For additional information on amsmath, use the `?' option.
(/usr/share/texlive/texmf-dist/tex/latex/amsmath/amstext.sty
Package: amstext 2000/06/29 v2.01 AMS text

(/usr/share/texlive/texmf-dist/tex/latex/amsmath/amsgen.sty
File: amsgen.sty 1999/11/30 v2.0 generic functions
\@emptytoks=\toks16
\ex@=\dimen103
))
(/usr/share/texlive/texmf-dist/tex/latex/amsmath/amsbsy.sty
Package: amsbsy 1999/11/29 v1.2d Bold Symbols
\pmbraise@=\dimen104
)
(/usr/share/texlive/texmf-dist/tex/latex/amsmath/amsopn.sty
Package: amsopn 2016/03/08 v2.02 operator names
)
\inf@bad=\count88
LaTeX Info: Redefining \frac on input line 223.
\uproot@=\count89
\leftroot@=\count90
LaTeX Info: Redefining \overline on input line 385.
\classnum@=\count91
\DOTSCASE@=\count92
LaTeX Info: Redefining \ldots on input line 482.
LaTeX Info: Redefining \dots on input line 485.
LaTeX Info: Redefining \cdots on input line 606.
\Mathstrutbox@=\box27
\strutbox@=\box28
\big@size=\dimen105
LaTeX Font Info:    Redeclaring font encoding OML on input line 729.
LaTeX Font Info:    Redeclaring font encoding OMS on input line 730.
\macc@depth=\count93
\c@MaxMatrixCols=\count94
\dotsspace@=\muskip10
\c@parentequation=\count95
\dspbrk@lvl=\count96
\tag@help=\toks17
\row@=\count97
\column@=\count98
\maxfields@=\count99
\andhelp@=\toks18
\eqnshift@=\dimen106
\alignsep@=\dimen107
\tagshift@=\dimen108
\tagwidth@=\dimen109
\totwidth@=\dimen110
\lineht@=\dimen111
\@envbody=\toks19
\multlinegap=\skip44
\multlinetaggap=\skip45
\mathdisplay@stack=\toks20
LaTeX Info: Redefining \[ on input line 2844.
LaTeX Info: Redefining \] on input line 2845.
)
(/usr/share/texlive/texmf-dist/tex/latex/amscls/amsthm.sty
Package: amsthm 2017/10/31 v2.20.4
\thm@style=\toks21
\thm@bodyfont=\toks22
\thm@headfont=\toks23
\thm@notefont=\toks24
\thm@headpunct=\toks25
\thm@preskip=\skip46
\thm@postskip=\skip47
\thm@headsep=\skip48
\dth@everypar=\toks26
)
(/usr/share/texlive/texmf-dist/tex/latex/amsfonts/amssymb.sty
Package: amssymb 2013/01/14 v3.01 AMS font symbols

(/usr/share/texlive/texmf-dist/tex/latex/amsfonts/amsfonts.sty
Package: amsfonts 2013/01/14 v3.01 Basic AMSFonts support
\symAMSa=\mathgroup4
\symAMSb=\mathgroup5
LaTeX Font Info:    Overwriting math alphabet `\mathfrak' in version `bold'
(Font)                  U/euf/m/n --> U/euf/b/n on input line 106.
))
(/usr/share/texlive/texmf-dist/tex/latex/colortbl/colortbl.sty
Package: colortbl 2018/12/12 v1.0d Color table columns (DPC)

(/usr/share/texlive/texmf-dist/tex/latex/tools/array.sty
Package: array 2018/12/30 v2.4k Tabular extension package (FMi)
\col@sep=\dimen112
\ar@mcellbox=\box29
\extrarowheight=\dimen113
\NC@list=\toks27
\extratabsurround=\skip49
\backup@length=\skip50
\ar@cellbox=\box30
)
(/usr/share/texlive/texmf-dist/tex/latex/graphics/color.sty
Package: color 2016/07/10 v1.1e Standard LaTeX Color (DPC)

(/usr/share/texlive/texmf-dist/tex/latex/graphics-cfg/color.cfg
File: color.cfg 2016/01/02 v1.6 sample color configuration
)
Package color Info: Driver file: pdftex.def on input line 147.

(/usr/share/texlive/texmf-dist/tex/latex/graphics-def/pdftex.def
File: pdftex.def 2018/01/08 v1.0l Graphics/color driver for pdftex
))
\everycr=\toks28
\minrowclearance=\skip51
)
(/usr/share/texlive/texmf-dist/tex/latex/xcolor/xcolor.sty
Package: xcolor 2016/05/11 v2.12 LaTeX color extensions (UK)

(/usr/share/texlive/texmf-dist/tex/latex/graphics-cfg/color.cfg
File: color.cfg 2016/01/02 v1.6 sample color configuration
)
Package xcolor Info: Driver file: pdftex.def on input line 225.
LaTeX Info: Redefining \color on input line 709.
Package xcolor Info: Model `cmy' substituted by `cmy0' on input line 1348.
Package xcolor Info: Model `hsb' substituted by `rgb' on input line 1352.
Package xcolor Info: Model `RGB' extended on input line 1364.
Package xcolor Info: Model `HTML' substituted by `rgb' on input line 1366.
Package xcolor Info: Model `Hsb' substituted by `hsb' on input line 1367.
Package xcolor Info: Model `tHsb' substituted by `hsb' on input line 1368.
Package xcolor Info: Model `HSB' substituted by `hsb' on input line 1369.
Package xcolor Info: Model `Gray' substituted by `gray' on input line 1370.
Package xcolor Info: Model `wave' substituted by `hsb' on input line 1371.
)
(/usr/share/texlive/texmf-dist/tex/latex/fancyvrb/fancyvrb.sty
Package: fancyvrb 2019/01/15

Style option: `fancyvrb' v3.2a <2019/01/15> (tvz)
(/usr/share/texlive/texmf-dist/tex/latex/graphics/keyval.sty
Package: keyval 2014/10/28 v1.15 key=value parser (DPC)
\KV@toks@=\toks29
)
\FV@CodeLineNo=\count100
\FV@InFile=\read1
\FV@TabBox=\box31
\c@FancyVerbLine=\count101
\FV@StepNumber=\count102
\FV@OutFile=\write3
)
(/usr/share/texlive/texmf-dist/tex/latex/listings/listings.sty
\lst@mode=\count103
\lst@gtempboxa=\box32
\lst@token=\toks30
\lst@length=\count104
\lst@currlwidth=\dimen114
\lst@column=\count105
\lst@pos=\count106
\lst@lostspace=\dimen115
\lst@width=\dimen116
\lst@newlines=\count107
\lst@lineno=\count108
\lst@maxwidth=\dimen117

(/usr/share/texlive/texmf-dist/tex/latex/listings/lstmisc.sty
File: lstmisc.sty 2019/02/27 1.8b (Carsten Heinz)
\c@lstnumber=\count109
\lst@skipnumbers=\count110
\lst@framebox=\box33
)
(/usr/share/texlive/texmf-dist/tex/latex/listings/listings.cfg
File: listings.cfg 2019/02/27 1.8b listings configuration
))
Package: listings 2019/02/27 1.8b (Carsten Heinz)

(/usr/share/texlive/texmf-dist/tex/latex/geometry/geometry.sty
Package: geometry 2018/04/16 v5.8 Page Geometry

(/usr/share/texlive/texmf-dist/tex/generic/oberdiek/ifpdf.sty
Package: ifpdf 2018/09/07 v3.3 Provides the ifpdf switch
)
(/usr/share/texlive/texmf-dist/tex/generic/oberdiek/ifvtex.sty
Package: ifvtex 2016/05/16 v1.6 Detect VTeX and its facilities (HO)
Package ifvtex Info: VTeX not detected.
)
(/usr/share/texlive/texmf-dist/tex/generic/ifxetex/ifxetex.sty
Package: ifxetex 2010/09/12 v0.6 Provides ifxetex conditional
)
\Gm@cnth=\count111
\Gm@cntv=\count112
\c@Gm@tempcnt=\count113
\Gm@bindingoffset=\dimen118
\Gm@wd@mp=\dimen119
\Gm@odd@mp=\dimen120
\Gm@even@mp=\dimen121
\Gm@layoutwidth=\dimen122
\Gm@layoutheight=\dimen123
\Gm@layouthoffset=\dimen124
\Gm@layoutvoffset=\dimen125
\Gm@dimlist=\toks31
)
(/usr/share/texlive/texmf-dist/tex/latex/graphics/graphicx.sty
Package: graphicx 2017/06/01 v1.1a Enhanced LaTeX Graphics (DPC,SPQR)

(/usr/share/texlive/texmf-dist/tex/latex/graphics/graphics.sty
Package: graphics 2017/06/25 v1.2c Standard LaTeX Graphics (DPC,SPQR)

(/usr/share/texlive/texmf-dist/tex/latex/graphics/trig.sty
Package: trig 2016/01/03 v1.10 sin cos tan (DPC)
)
(/usr/share/texlive/texmf-dist/tex/latex/graphics-cfg/graphics.cfg
File: graphics.cfg 2016/06/04 v1.11 sample graphics configuration
)
Package graphics Info: Driver file: pdftex.def on input line 99.
)
\Gin@req@height=\dimen126
\Gin@req@width=\dimen127
)
\c@problem=\count114

(./CCTarea4.aux)
\openout1 = `CCTarea4.aux'.

LaTeX Font Info:    Checking defaults for OML/cmm/m/it on input line 33.
LaTeX Font Info:    ... okay on input line 33.
LaTeX Font Info:    Checking defaults for T1/cmr/m/n on input line 33.
LaTeX Font Info:    ... okay on input line 33.
LaTeX Font Info:    Checking defaults for OT1/cmr/m/n on input line 33.
LaTeX Font Info:    ... okay on input line 33.
LaTeX Font Info:    Checking defaults for OMS/cmsy/m/n on input line 33.
LaTeX Font Info:    ... okay on input line 33.
LaTeX Font Info:    Checking defaults for OMX/cmex/m/n on input line 33.
LaTeX Font Info:    ... okay on input line 33.
LaTeX Font Info:    Checking defaults for U/cmr/m/n on input line 33.
LaTeX Font Info:    ... okay on input line 33.

(/usr/share/texlive/texmf-dist/tex/context/base/mkii/supp-pdf.mkii
[Loading MPS to PDF converter (version 2006.09.02).]
\scratchcounter=\count115
\scratchdimen=\dimen128
\scratchbox=\box34
\nofMPsegments=\count116
\nofMParguments=\count117
\everyMPshowfont=\toks32
\MPscratchCnt=\count118
\MPscratchDim=\dimen129
\MPnumerator=\count119
\makeMPintoPDFobject=\count120
\everyMPtoPDFconversion=\toks33
) (/usr/share/texlive/texmf-dist/tex/latex/oberdiek/epstopdf-base.sty
Package: epstopdf-base 2016/05/15 v2.6 Base part for package epstopdf

(/usr/share/texlive/texmf-dist/tex/generic/oberdiek/infwarerr.sty
Package: infwarerr 2016/05/16 v1.4 Providing info/warning/error messages (HO)
)
(/usr/share/texlive/texmf-dist/tex/latex/oberdiek/grfext.sty
Package: grfext 2016/05/16 v1.2 Manage graphics extensions (HO)

(/usr/share/texlive/texmf-dist/tex/generic/oberdiek/kvdefinekeys.sty
Package: kvdefinekeys 2016/05/16 v1.4 Define keys (HO)

(/usr/share/texlive/texmf-dist/tex/generic/oberdiek/ltxcmds.sty
Package: ltxcmds 2016/05/16 v1.23 LaTeX kernel commands for general use (HO)
)))
(/usr/share/texlive/texmf-dist/tex/latex/oberdiek/kvoptions.sty
Package: kvoptions 2016/05/16 v3.12 Key value format for package options (HO)

(/usr/share/texlive/texmf-dist/tex/generic/oberdiek/kvsetkeys.sty
Package: kvsetkeys 2016/05/16 v1.17 Key value parser (HO)

(/usr/share/texlive/texmf-dist/tex/generic/oberdiek/etexcmds.sty
Package: etexcmds 2016/05/16 v1.6 Avoid name clashes with e-TeX commands (HO)

(/usr/share/texlive/texmf-dist/tex/generic/oberdiek/ifluatex.sty
Package: ifluatex 2016/05/16 v1.4 Provides the ifluatex switch (HO)
Package ifluatex Info: LuaTeX not detected.
))))
(/usr/share/texlive/texmf-dist/tex/generic/oberdiek/pdftexcmds.sty
Package: pdftexcmds 2018/09/10 v0.29 Utility functions of pdfTeX for LuaTeX (HO
)
Package pdftexcmds Info: LuaTeX not detected.
Package pdftexcmds Info: \pdf@primitive is available.
Package pdftexcmds Info: \pdf@ifprimitive is available.
Package pdftexcmds Info: \pdfdraftmode found.
)
Package epstopdf-base Info: Redefining graphics rule for `.eps' on input line 4
38.
Package grfext Info: Graphics extension search list:
(grfext)             [.pdf,.png,.jpg,.mps,.jpeg,.jbig2,.jb2,.PDF,.PNG,.JPG,.JPE
G,.JBIG2,.JB2,.eps]
(grfext)             \AppendGraphicsExtensions on input line 456.

(/usr/share/texlive/texmf-dist/tex/latex/latexconfig/epstopdf-sys.cfg
File: epstopdf-sys.cfg 2010/07/13 v1.3 Configuration of (r)epstopdf for TeX Liv
e
))
\c@lstlisting=\count121

*geometry* driver: auto-detecting
*geometry* detected driver: pdftex
*geometry* verbose mode - [ preamble ] result:
* driver: pdftex
* paper: a4paper
* layout: <same size as paper>
* layoutoffset:(h,v)=(0.0pt,0.0pt)
* modes: 
* h-part:(L,W,R)=(63.87643pt, 469.75499pt, 63.87645pt)
* v-part:(T,H,B)=(48.93872pt, 722.7pt, 73.40813pt)
* \paperwidth=597.50787pt
* \paperheight=845.04684pt
* \textwidth=469.75499pt
* \textheight=722.7pt
* \oddsidemargin=-8.39355pt
* \evensidemargin=-8.39355pt
* \topmargin=-60.33127pt
* \headheight=12.0pt
* \headsep=25.0pt
* \topskip=12.0pt
* \footskip=30.0pt
* \marginparwidth=44.0pt
* \marginparsep=10.0pt
* \columnsep=10.0pt
* \skip\footins=10.8pt plus 4.0pt minus 2.0pt
* \hoffset=0.0pt
* \voffset=0.0pt
* \mag=1000
* \@twocolumnfalse
* \@twosidefalse
* \@mparswitchfalse
* \@reversemarginfalse
* (1in=72.27pt=25.4mm, 1cm=28.453pt)

LaTeX Font Info:    Try loading font information for U+msa on input line 34.
(/usr/share/texlive/texmf-dist/tex/latex/amsfonts/umsa.fd
File: umsa.fd 2013/01/14 v3.01 AMS symbols A
)
LaTeX Font Info:    Try loading font information for U+msb on input line 34.

(/usr/share/texlive/texmf-dist/tex/latex/amsfonts/umsb.fd
File: umsb.fd 2013/01/14 v3.01 AMS symbols B
)
Underfull \hbox (badness 10000) in paragraph at lines 64--71

 []

[1

{/var/lib/texmf/fonts/map/pdftex/updmap/pdftex.map}]
<1b_linearizable.png, id=11, 544.0325pt x 139.52126pt>
File: 1b_linearizable.png Graphic file (type png)
<use 1b_linearizable.png>
Package pdftex.def Info: 1b_linearizable.png  used on input line 102.
(pdftex.def)             Requested size: 422.77661pt x 108.43015pt.

Overfull \hbox (8.246pt too wide) in paragraph at lines 100--103
[] 
 []


Underfull \hbox (badness 10000) in paragraph at lines 100--103

 []

<2a.png, id=13, 544.0325pt x 139.52126pt>
File: 2a.png Graphic file (type png)
<use 2a.png>
Package pdftex.def Info: 2a.png  used on input line 121.
(pdftex.def)             Requested size: 422.77661pt x 108.43015pt.

Overfull \hbox (8.246pt too wide) in paragraph at lines 110--122
[] 
 []


Underfull \hbox (badness 10000) in paragraph at lines 110--122

 []

<2b.png, id=14, 545.03625pt x 139.52126pt>
File: 2b.png Graphic file (type png)
<use 2b.png>
Package pdftex.def Info: 2b.png  used on input line 134.
(pdftex.def)             Requested size: 422.77661pt x 108.22365pt.

Overfull \hbox (8.246pt too wide) in paragraph at lines 123--135
[] 
 []


Underfull \hbox (badness 10000) in paragraph at lines 123--135

 []

[2 <./1b_linearizable.png> <./2a.png>]
<2c.png, id=20, 544.0325pt x 139.52126pt>
File: 2c.png Graphic file (type png)
<use 2c.png>
Package pdftex.def Info: 2c.png  used on input line 147.
(pdftex.def)             Requested size: 422.77661pt x 108.43015pt.

Overfull \hbox (8.246pt too wide) in paragraph at lines 136--148
[] 
 []


Underfull \hbox (badness 10000) in paragraph at lines 136--148

 []


Overfull \hbox (12.37093pt too wide) in paragraph at lines 150--165
\OT1/cmr/m/n/12 Precedencia = $\OMS/cmsy/m/n/12 f\OML/cmm/m/it/12 r:write\OT1/c
mr/m/n/12 (2) \OMS/cmsy/m/n/12 ! \OML/cmm/m/it/12 r:write\OT1/cmr/m/n/12 (1)\OM
L/cmm/m/it/12 ; r:write\OT1/cmr/m/n/12 (1) \OMS/cmsy/m/n/12 ! \OML/cmm/m/it/12 
r:read\OT1/cmr/m/n/12 (1)\OML/cmm/m/it/12 ; r:read\OT1/cmr/m/n/12 (1) \OMS/cmsy
/m/n/12 ! \OML/cmm/m/it/12 q:write\OT1/cmr/m/n/12 (3)\OMS/cmsy/m/n/12 g$
 []

[3 <./2b.png> <./2c.png>]
Underfull \hbox (badness 10000) in paragraph at lines 166--177

 []


Overfull \hbox (6.99934pt too wide) in paragraph at lines 166--177
\OT1/cmr/m/n/12 Precedencia = $\OMS/cmsy/m/n/12 f\OML/cmm/m/it/12 r:write\OT1/c
mr/m/n/12 (1) \OMS/cmsy/m/n/12 ! \OML/cmm/m/it/12 r:read\OT1/cmr/m/n/12 (1)\OML
/cmm/m/it/12 ; r:read\OT1/cmr/m/n/12 (1) \OMS/cmsy/m/n/12 ! \OML/cmm/m/it/12 r:
write\OT1/cmr/m/n/12 (2)\OML/cmm/m/it/12 ; r:write\OT1/cmr/m/n/12 (2) \OMS/cmsy
/m/n/12 ! \OML/cmm/m/it/12 r:read\OT1/cmr/m/n/12 (2)\OMS/cmsy/m/n/12 g$
 []


Underfull \hbox (badness 10000) in paragraph at lines 178--189

 []


Underfull \hbox (badness 10000) in paragraph at lines 190--201

 []


Overfull \hbox (6.99934pt too wide) in paragraph at lines 190--201
\OT1/cmr/m/n/12 Precedencia = $\OMS/cmsy/m/n/12 f\OML/cmm/m/it/12 r:write\OT1/c
mr/m/n/12 (2) \OMS/cmsy/m/n/12 ! \OML/cmm/m/it/12 r:write\OT1/cmr/m/n/12 (1)\OM
L/cmm/m/it/12 ; r:write\OT1/cmr/m/n/12 (1) \OMS/cmsy/m/n/12 ! \OML/cmm/m/it/12 
r:read\OT1/cmr/m/n/12 (1)\OML/cmm/m/it/12 ; r:read\OT1/cmr/m/n/12 (1) \OMS/cmsy
/m/n/12 ! \OML/cmm/m/it/12 r:read\OT1/cmr/m/n/12 (1)\OMS/cmsy/m/n/12 g$
 []

[4] [5] (./CCTarea4.aux) ) 
Here is how much of TeX's memory you used:
 5225 strings out of 494510
 71000 string characters out of 6176235
 150937 words of memory out of 5000000
 8819 multiletter control sequences out of 15000+600000
 12111 words of font info for 47 fonts, out of 8000000 for 9000
 36 hyphenation exceptions out of 8191
 41i,8n,35p,415b,253s stack positions out of 5000i,500n,10000p,200000b,80000s
</usr/share/texlive/texmf-dist/fonts/type1/public/ams
fonts/cm/cmbx12.pfb></usr/share/texlive/texmf-dist/fonts/type1/public/amsfonts/
cm/cmmi12.pfb></usr/share/texlive/texmf-dist/fonts/type1/public/amsfonts/cm/cmr
12.pfb></usr/share/texlive/texmf-dist/fonts/type1/public/amsfonts/cm/cmr17.pfb>
</usr/share/texlive/texmf-dist/fonts/type1/public/amsfonts/cm/cmsy10.pfb>
Output written on CCTarea4.pdf (5 pages, 91743 bytes).
PDF statistics:
 49 PDF objects out of 1000 (max. 8388607)
 28 compressed objects within 1 object stream
 0 named destinations out of 1000 (max. 500000)
 21 words of extra memory for PDF output out of 10000 (max. 10000000)

